<?xml version="1.0" encoding="UTF-8"?>
<!-- Generated by org.testng.reporters.JUnitXMLReporter -->
<testsuite hostname="Z9" ignored="0" name="testForm" tests="38" failures="0" timestamp="2019-10-08T15:31:40 EEST" time="43.862" errors="0">
  <testcase name="emptyName" time="2.465" classname="com.gravity.NameFiledValidation"/>
  <testcase name="emptyEmail" time="3.402" classname="com.gravity.EmailFiledValidation"/>
  <testcase name="validEmail" time="1.539" classname="com.gravity.NameFiledValidation"/>
  <testcase name="allEmptyFiledsSend" time="3.568" classname="com.gravity.InvalidDataTest"/>
  <testcase name="validEmail" time="1.571" classname="com.gravity.NameFiledValidation"/>
  <testcase name="validEmail" time="1.953" classname="com.gravity.NameFiledValidation"/>
  <testcase name="invalidEmail" time="4.712" classname="com.gravity.EmailFiledValidation"/>
  <testcase name="validEmail" time="1.453" classname="com.gravity.NameFiledValidation"/>
  <testcase name="validEmail" time="1.396" classname="com.gravity.NameFiledValidation"/>
  <testcase name="validEmail" time="1.625" classname="com.gravity.NameFiledValidation"/>
  <testcase name="invalidEmail" time="4.75" classname="com.gravity.EmailFiledValidation"/>
  <testcase name="validEmail" time="1.267" classname="com.gravity.NameFiledValidation"/>
  <testcase name="checkboxOtherAndExcellentSend" time="9.893" classname="com.gravity.InvalidDataTest"/>
  <testcase name="validEmail" time="2.189" classname="com.gravity.NameFiledValidation"/>
  <testcase name="invalidEmail" time="3.361" classname="com.gravity.EmailFiledValidation"/>
  <testcase name="validEmail" time="2.058" classname="com.gravity.NameFiledValidation"/>
  <testcase name="validData" time="18.419" classname="com.gravity.SendValidDataTest"/>
  <testcase name="invalidEmail" time="2.229" classname="com.gravity.EmailFiledValidation"/>
  <testcase name="invalidEmail" time="1.009" classname="com.gravity.EmailFiledValidation"/>
  <testcase name="emailAgeNameValidButMoodEmptySend" time="4.126" classname="com.gravity.InvalidDataTest"/>
  <testcase name="invalidEmail" time="0.683" classname="com.gravity.EmailFiledValidation"/>
  <testcase name="invalidEmail" time="1.38" classname="com.gravity.EmailFiledValidation"/>
  <testcase name="invalidEmail" time="1.092" classname="com.gravity.EmailFiledValidation"/>
  <testcase name="emailAndAgeValidButOtherFiledsEmptySend" time="2.745" classname="com.gravity.InvalidDataTest"/>
  <testcase name="invalidEmail" time="1.356" classname="com.gravity.EmailFiledValidation"/>
  <testcase name="emailValidAndOtherFiledsEmptySend" time="2.287" classname="com.gravity.InvalidDataTest"/>
  <testcase name="invalidEmail" time="2.109" classname="com.gravity.EmailFiledValidation"/>
  <testcase name="validEmail" time="1.296" classname="com.gravity.EmailFiledValidation"/>
  <testcase name="validEmail" time="0.999" classname="com.gravity.EmailFiledValidation"/>
  <testcase name="emptyMoodReasonSend" time="3.584" classname="com.gravity.InvalidDataTest"/>
  <testcase name="validEmail" time="0.742" classname="com.gravity.EmailFiledValidation"/>
  <testcase name="validEmail" time="0.44" classname="com.gravity.EmailFiledValidation"/>
  <testcase name="validEmail" time="0.38" classname="com.gravity.EmailFiledValidation"/>
  <testcase name="validEmail" time="0.397" classname="com.gravity.EmailFiledValidation"/>
  <testcase name="validEmail" time="0.376" classname="com.gravity.EmailFiledValidation"/>
  <testcase name="validEmail" time="0.377" classname="com.gravity.EmailFiledValidation"/>
  <testcase name="validEmail" time="0.444" classname="com.gravity.EmailFiledValidation"/>
  <testcase name="validEmail" time="0.403" classname="com.gravity.EmailFiledValidation"/>
</testsuite> <!-- testForm -->
