<?xml version="1.0" encoding="UTF-8"?>
<!-- Generated by org.testng.reporters.JUnitXMLReporter -->
<testsuite hostname="Z9" ignored="0" name="testForm" tests="7" failures="0" timestamp="2019-10-08T13:17:30 EEST" time="22.776" errors="0">
  <testcase name="allEmptyFiledsSend" time="1.289" classname="com.gravity.InvalidDataTest"/>
  <testcase name="validData" time="6.207" classname="com.gravity.SendValidDataTest"/>
  <testcase name="checkboxOtherAndExcellentSend" time="4.665" classname="com.gravity.InvalidDataTest"/>
  <testcase name="emailAgeNameValidButMoodEmptySend" time="2.421" classname="com.gravity.InvalidDataTest"/>
  <testcase name="emailAndAgeValidButOtherFiledsEmptySend" time="1.634" classname="com.gravity.InvalidDataTest"/>
  <testcase name="emailValidAndOtherFiledsEmptySend" time="1.444" classname="com.gravity.InvalidDataTest"/>
  <testcase name="emptyMoodReasonSend" time="2.059" classname="com.gravity.InvalidDataTest"/>
</testsuite> <!-- testForm -->
